2024-10-09 10:00:30,101;Capella;7.0.0.202407091438;Open+Session;Robot.aird;;
2024-10-09 10:00:32,064;Capella;7.0.0.202407091438;Open+Session;Robot.aird;OK;
2024-10-09 10:03:55,961;Capella;7.0.0.202407091438;Close+Session;Robot.aird;;
2024-10-09 10:03:56,179;Capella;7.0.0.202407091438;Close+Session;Robot.aird;OK;
2024-10-16 08:17:34,032;Capella;7.0.0.202407091438;Open+Session;Laborator.aird;;
2024-10-16 08:17:37,816;Capella;7.0.0.202407091438;Open+Session;Laborator.aird;OK;
2024-10-16 08:19:25,166;Capella;7.0.0.202407091438;Create+Representation;Operational+Entity+Breakdown;;70b3f496-6c47-445e-8d6b-e7d133fab898
2024-10-16 08:19:25,708;Capella;7.0.0.202407091438;Create+Representation;Operational+Entity+Breakdown;OK;70b3f496-6c47-445e-8d6b-e7d133fab898
2024-10-16 08:51:54,562;Capella;7.0.0.202407091438;Create+Representation;Operational+Entity+Breakdown;;70b3f496-6c47-445e-8d6b-e7d133fab898
2024-10-16 08:51:54,596;Capella;7.0.0.202407091438;Create+Representation;Operational+Entity+Breakdown;OK;70b3f496-6c47-445e-8d6b-e7d133fab898
2024-10-16 08:52:12,224;Capella;7.0.0.202407091438;Create+Representation;Operational+Entity+Breakdown;;70b3f496-6c47-445e-8d6b-e7d133fab898
2024-10-16 08:52:12,245;Capella;7.0.0.202407091438;Create+Representation;Operational+Entity+Breakdown;OK;70b3f496-6c47-445e-8d6b-e7d133fab898
2024-10-16 08:54:39,267;Capella;7.0.0.202407091438;Create+Representation;Operational+Capabilities+Blank;;e9892477-d7a5-4fff-8e22-d4063e034b44
2024-10-16 08:54:48,302;Capella;7.0.0.202407091438;Create+Representation;Operational+Capabilities+Blank;;e9892477-d7a5-4fff-8e22-d4063e034b44
2024-10-16 08:54:48,337;Capella;7.0.0.202407091438;Create+Representation;Operational+Capabilities+Blank;OK;e9892477-d7a5-4fff-8e22-d4063e034b44
2024-10-16 08:54:48,586;Capella;7.0.0.202407091438;Create+Representation;Operational+Capabilities+Blank;OK;e9892477-d7a5-4fff-8e22-d4063e034b44
2024-10-16 09:01:38,165;Capella;7.0.0.202407091438;Create+Representation;Operational+Activity+Breakdown;;1f0d2a10-d3e8-4efc-87de-c6cfec3c3cd8
2024-10-16 09:01:38,186;Capella;7.0.0.202407091438;Create+Representation;Operational+Activity+Breakdown;OK;1f0d2a10-d3e8-4efc-87de-c6cfec3c3cd8
2024-10-16 09:04:30,956;Capella;7.0.0.202407091438;Create+Representation;Operational+Activity+Interaction+Blank;;8ec911be-a7a2-4797-bda2-7c479e22ffbf
2024-10-16 09:04:30,990;Capella;7.0.0.202407091438;Create+Representation;Operational+Activity+Interaction+Blank;OK;8ec911be-a7a2-4797-bda2-7c479e22ffbf
2024-10-16 09:12:30,333;Capella;7.0.0.202407091438;Create+Representation;Operational+Entity+Blank;;70b3f496-6c47-445e-8d6b-e7d133fab898
2024-10-16 09:12:30,357;Capella;7.0.0.202407091438;Create+Representation;Operational+Entity+Blank;OK;70b3f496-6c47-445e-8d6b-e7d133fab898
2024-10-16 09:24:40,103;Capella;7.0.0.202407091438;Create+Representation;Operational+Process+Description;;be311358-024c-4e13-ae48-e2f41ea4b835
2024-10-16 09:24:40,133;Capella;7.0.0.202407091438;Create+Representation;Operational+Process+Description;OK;be311358-024c-4e13-ae48-e2f41ea4b835
2024-10-16 09:28:12,325;Capella;7.0.0.202407091438;Create+Representation;Operational+Process+Description;;be311358-024c-4e13-ae48-e2f41ea4b835
2024-10-16 09:28:12,352;Capella;7.0.0.202407091438;Create+Representation;Operational+Process+Description;OK;be311358-024c-4e13-ae48-e2f41ea4b835
2024-10-16 09:31:26,655;Capella;7.0.0.202407091438;Create+Representation;Activity+Interaction+Scenario;;6a3b5471-c57a-4b2d-9140-1ea74fda5ec0
2024-10-16 09:31:26,804;Capella;7.0.0.202407091438;Create+Representation;Activity+Interaction+Scenario;OK;6a3b5471-c57a-4b2d-9140-1ea74fda5ec0
2024-10-16 09:34:49,094;Capella;7.0.0.202407091438;Create+Representation;Operational+Interaction+Scenario;;d46ae855-5ec1-4eef-9c39-39641da605fc
2024-10-16 09:34:49,117;Capella;7.0.0.202407091438;Create+Representation;Operational+Interaction+Scenario;OK;d46ae855-5ec1-4eef-9c39-39641da605fc
2024-10-16 09:41:10,764;Capella;7.0.0.202407091438;Create+Representation;Activity+Interaction+Scenario;;7b1c9438-7394-4447-b34c-6925e2f6fc51
2024-10-16 09:41:10,838;Capella;7.0.0.202407091438;Create+Representation;Activity+Interaction+Scenario;OK;7b1c9438-7394-4447-b34c-6925e2f6fc51
2024-10-16 09:41:29,798;Capella;7.0.0.202407091438;Transition;Operational+Activity+Scenario+to+Operational+Entity+Scenario+Initialization;;
2024-10-16 09:41:30,408;Capella;7.0.0.202407091438;Transition;Operational+Activity+Scenario+to+Operational+Entity+Scenario+Initialization;OK;
2024-10-16 09:41:58,773;Capella;7.0.0.202407091438;Create+Representation;Operational+Interaction+Scenario;;b7867cfa-dd0f-4da0-86aa-76532a5082e6
2024-10-16 09:41:58,835;Capella;7.0.0.202407091438;Create+Representation;Operational+Interaction+Scenario;OK;b7867cfa-dd0f-4da0-86aa-76532a5082e6
2024-10-16 09:43:31,255;Capella;7.0.0.202407091438;Open+Representation;;;
2024-10-16 09:43:31,340;Capella;7.0.0.202407091438;Open+Representation;;OK;
2024-10-16 09:43:32,460;Capella;7.0.0.202407091438;Open+Representation;;;
2024-10-16 09:43:32,520;Capella;7.0.0.202407091438;Open+Representation;;OK;
2024-10-16 09:48:24,668;Capella;7.0.0.202407091438;Open+Representation;;;
2024-10-16 09:48:24,959;Capella;7.0.0.202407091438;Open+Representation;;OK;
2024-10-16 09:48:32,625;Capella;7.0.0.202407091438;Open+Representation;;;
2024-10-16 09:48:32,831;Capella;7.0.0.202407091438;Open+Representation;;OK;
2024-10-16 09:50:31,331;Capella;7.0.0.202407091438;Open+Representation;;;
2024-10-16 09:50:31,568;Capella;7.0.0.202407091438;Open+Representation;;OK;
2024-10-16 09:50:39,880;Capella;7.0.0.202407091438;Open+Representation;;;
2024-10-16 09:50:40,054;Capella;7.0.0.202407091438;Open+Representation;;OK;
2024-10-16 09:50:42,952;Capella;7.0.0.202407091438;Open+Representation;;;
2024-10-16 09:50:43,169;Capella;7.0.0.202407091438;Open+Representation;;OK;
2024-10-16 09:52:07,659;Capella;7.0.0.202407091438;Open+Representation;;;
2024-10-16 09:52:07,768;Capella;7.0.0.202407091438;Open+Representation;;OK;
2024-10-23 09:31:09,244;Capella;7.0.0.202407091438;Transition;Functional+Transition;;
2024-10-23 09:31:50,832;Capella;7.0.0.202407091438;Transition;Functional+Transition;ERROR;
2024-10-23 09:31:54,851;Capella;7.0.0.202407091438;Transition;Functional+Transition;;
2024-10-23 09:32:49,582;Capella;7.0.0.202407091438;Transition;Functional+Transition;OK;
2024-10-23 09:33:26,840;Capella;7.0.0.202407091438;Transition;Capability+Transition;;
2024-10-23 09:33:38,976;Capella;7.0.0.202407091438;Transition;Capability+Transition;OK;
2024-10-30 08:40:49,270;Capella;7.0.0.202407091438;Transition;Functional+Transition;;
2024-10-30 08:42:07,373;Capella;7.0.0.202407091438;Transition;Functional+Transition;ERROR;
2024-10-30 08:42:09,311;Capella;7.0.0.202407091438;Transition;Functional+Transition;;
2024-10-30 08:42:12,243;Capella;7.0.0.202407091438;Transition;Functional+Transition;ERROR;
2024-10-30 08:42:49,905;Capella;7.0.0.202407091438;Transition;Capability+Transition;;
2024-10-30 08:43:03,179;Capella;7.0.0.202407091438;Transition;Capability+Transition;ERROR;
2024-10-30 08:44:00,404;Capella;7.0.0.202407091438;Transition;Functional+Transition;;
2024-10-30 08:44:22,684;Capella;7.0.0.202407091438;Transition;Functional+Transition;ERROR;
2024-10-30 08:44:40,274;Capella;7.0.0.202407091438;Transition;Operational+Entity+to+System+Actor+Transition;;
2024-10-30 08:44:53,918;Capella;7.0.0.202407091438;Transition;Operational+Entity+to+System+Actor+Transition;OK;
2024-10-30 08:49:41,149;Capella;7.0.0.202407091438;Create+Representation;Contextual+System+Actors;;868d56ca-05ac-42fb-abe3-99de9c5d0976
2024-10-30 08:49:42,143;Capella;7.0.0.202407091438;Create+Representation;Contextual+System+Actors;OK;868d56ca-05ac-42fb-abe3-99de9c5d0976
2024-10-30 08:50:49,251;Capella;7.0.0.202407091438;Create+Representation;Missions+Capabilities+Blank;;596bfa15-46d9-412b-9dc2-e32ed6f8a7fa
2024-10-30 08:50:49,309;Capella;7.0.0.202407091438;Create+Representation;Missions+Capabilities+Blank;OK;596bfa15-46d9-412b-9dc2-e32ed6f8a7fa
2024-10-30 08:56:45,333;Capella;7.0.0.202407091438;Create+Representation;System+Function+Breakdown;;cc609e85-fd9a-4e75-9165-9b21261d93c8
2024-10-30 08:56:45,369;Capella;7.0.0.202407091438;Create+Representation;System+Function+Breakdown;OK;cc609e85-fd9a-4e75-9165-9b21261d93c8
2024-10-30 09:01:50,659;Capella;7.0.0.202407091438;Create+Representation;System+Data+Flow+Blank;;cc609e85-fd9a-4e75-9165-9b21261d93c8
2024-10-30 09:01:50,697;Capella;7.0.0.202407091438;Create+Representation;System+Data+Flow+Blank;OK;cc609e85-fd9a-4e75-9165-9b21261d93c8
2024-10-30 09:13:24,358;Capella;7.0.0.202407091438;Create+Representation;System+Architecture+Blank;;868d56ca-05ac-42fb-abe3-99de9c5d0976
2024-10-30 09:13:24,403;Capella;7.0.0.202407091438;Create+Representation;System+Architecture+Blank;OK;868d56ca-05ac-42fb-abe3-99de9c5d0976
